This is pdfTeX, Version 3.141592653-2.6-1.40.24 (TeX Live 2022) (preloaded format=pdflatex 2022.10.26)  21 JUN 2025 20:51
entering extended mode
 restricted \write18 enabled.
 file:line:error style messages enabled.
 %&-line parsing enabled.
**/Users/acvijanovic/Documents/FER/diplomski/RouteBoard/dokumentacija/zavrsni.tex
(/Users/acvijanovic/Documents/FER/diplomski/RouteBoard/dokumentacija/zavrsni.tex
LaTeX2e <2021-11-15> patch level 1
L3 programming layer <2022-02-24> (./fer.cls
Document Class: fer 
(/usr/local/texlive/2022/texmf-dist/tex/latex/base/report.cls
Document Class: report 2021/10/04 v1.4n Standard LaTeX document class
(/usr/local/texlive/2022/texmf-dist/tex/latex/base/size12.clo
File: size12.clo 2021/10/04 v1.4n Standard LaTeX file (size option)
)
\c@part=\count185
\c@chapter=\count186
\c@section=\count187
\c@subsection=\count188
\c@subsubsection=\count189
\c@paragraph=\count190
\c@subparagraph=\count191
\c@figure=\count192
\c@table=\count193
\abovecaptionskip=\skip47
\belowcaptionskip=\skip48
\bibindent=\dimen138
) (/usr/local/texlive/2022/texmf-dist/tex/latex/geometry/geometry.sty
Package: geometry 2020/01/02 v5.9 Page Geometry
 (/usr/local/texlive/2022/texmf-dist/tex/latex/graphics/keyval.sty
Package: keyval 2014/10/28 v1.15 key=value parser (DPC)
\KV@toks@=\toks16
) (/usr/local/texlive/2022/texmf-dist/tex/generic/iftex/ifvtex.sty
Package: ifvtex 2019/10/25 v1.7 ifvtex legacy package. Use iftex instead.
 (/usr/local/texlive/2022/texmf-dist/tex/generic/iftex/iftex.sty
Package: iftex 2022/02/03 v1.0f TeX engine tests
))
\Gm@cnth=\count194
\Gm@cntv=\count195
\c@Gm@tempcnt=\count196
\Gm@bindingoffset=\dimen139
\Gm@wd@mp=\dimen140
\Gm@odd@mp=\dimen141
\Gm@even@mp=\dimen142
\Gm@layoutwidth=\dimen143
\Gm@layoutheight=\dimen144
\Gm@layouthoffset=\dimen145
\Gm@layoutvoffset=\dimen146
\Gm@dimlist=\toks17
) (/usr/local/texlive/2022/texmf-dist/tex/latex/base/inputenc.sty
Package: inputenc 2021/02/14 v1.3d Input encoding file
\inpenc@prehook=\toks18
\inpenc@posthook=\toks19
) (/usr/local/texlive/2022/texmf-dist/tex/generic/babel/babel.sty
Package: babel 2022/02/26 3.73 The Babel package
\babel@savecnt=\count197
\U@D=\dimen147
\l@unhyphenated=\language87
 (/usr/local/texlive/2022/texmf-dist/tex/generic/babel/txtbabel.def)
\bbl@readstream=\read2
\bbl@dirlevel=\count198
 (/usr/local/texlive/2022/texmf-dist/tex/generic/babel-croatian/croatian.ldf
Language: croatian 2014/03/31 v1.3m Croatian support from the babel system
)) (/usr/local/texlive/2022/texmf-dist/tex/latex/base/fontenc.sty
Package: fontenc 2021/04/29 v2.0v Standard LaTeX package
) (/usr/local/texlive/2022/texmf-dist/tex/latex/graphics/graphicx.sty
Package: graphicx 2021/09/16 v1.2d Enhanced LaTeX Graphics (DPC,SPQR)
 (/usr/local/texlive/2022/texmf-dist/tex/latex/graphics/graphics.sty
Package: graphics 2021/03/04 v1.4d Standard LaTeX Graphics (DPC,SPQR)
 (/usr/local/texlive/2022/texmf-dist/tex/latex/graphics/trig.sty
Package: trig 2021/08/11 v1.11 sin cos tan (DPC)
) (/usr/local/texlive/2022/texmf-dist/tex/latex/graphics-cfg/graphics.cfg
File: graphics.cfg 2016/06/04 v1.11 sample graphics configuration
)
Package graphics Info: Driver file: pdftex.def on input line 107.
 (/usr/local/texlive/2022/texmf-dist/tex/latex/graphics-def/pdftex.def
File: pdftex.def 2020/10/05 v1.2a Graphics/color driver for pdftex
))
\Gin@req@height=\dimen148
\Gin@req@width=\dimen149
) (/usr/local/texlive/2022/texmf-dist/tex/latex/amsfonts/amssymb.sty
Package: amssymb 2013/01/14 v3.01 AMS font symbols
 (/usr/local/texlive/2022/texmf-dist/tex/latex/amsfonts/amsfonts.sty
Package: amsfonts 2013/01/14 v3.01 Basic AMSFonts support
\@emptytoks=\toks20
\symAMSa=\mathgroup4
\symAMSb=\mathgroup5
LaTeX Font Info:    Redeclaring math symbol \hbar on input line 98.
LaTeX Font Info:    Overwriting math alphabet `\mathfrak' in version `bold'
(Font)                  U/euf/m/n --> U/euf/b/n on input line 106.
)) (/usr/local/texlive/2022/texmf-dist/tex/latex/amsmath/amsmath.sty
Package: amsmath 2021/10/15 v2.17l AMS math features
\@mathmargin=\skip49

For additional information on amsmath, use the `?' option.
(/usr/local/texlive/2022/texmf-dist/tex/latex/amsmath/amstext.sty
Package: amstext 2021/08/26 v2.01 AMS text
 (/usr/local/texlive/2022/texmf-dist/tex/latex/amsmath/amsgen.sty
File: amsgen.sty 1999/11/30 v2.0 generic functions
\@emptytoks=\toks21
\ex@=\dimen150
)) (/usr/local/texlive/2022/texmf-dist/tex/latex/amsmath/amsbsy.sty
Package: amsbsy 1999/11/29 v1.2d Bold Symbols
\pmbraise@=\dimen151
) (/usr/local/texlive/2022/texmf-dist/tex/latex/amsmath/amsopn.sty
Package: amsopn 2021/08/26 v2.02 operator names
)
\inf@bad=\count199
LaTeX Info: Redefining \frac on input line 234.
\uproot@=\count266
\leftroot@=\count267
LaTeX Info: Redefining \overline on input line 399.
\classnum@=\count268
\DOTSCASE@=\count269
LaTeX Info: Redefining \ldots on input line 496.
LaTeX Info: Redefining \dots on input line 499.
LaTeX Info: Redefining \cdots on input line 620.
\Mathstrutbox@=\box50
\strutbox@=\box51
\big@size=\dimen152
LaTeX Font Info:    Redeclaring font encoding OML on input line 743.
LaTeX Font Info:    Redeclaring font encoding OMS on input line 744.
\macc@depth=\count270
\c@MaxMatrixCols=\count271
\dotsspace@=\muskip16
\c@parentequation=\count272
\dspbrk@lvl=\count273
\tag@help=\toks22
\row@=\count274
\column@=\count275
\maxfields@=\count276
\andhelp@=\toks23
\eqnshift@=\dimen153
\alignsep@=\dimen154
\tagshift@=\dimen155
\tagwidth@=\dimen156
\totwidth@=\dimen157
\lineht@=\dimen158
\@envbody=\toks24
\multlinegap=\skip50
\multlinetaggap=\skip51
\mathdisplay@stack=\toks25
LaTeX Info: Redefining \[ on input line 2938.
LaTeX Info: Redefining \] on input line 2939.
) (/usr/local/texlive/2022/texmf-dist/tex/latex/base/fixltx2e.sty
Package: fixltx2e 2016/12/29 v2.1a fixes to LaTeX (obsolete)
Applying: [2015/01/01] Old fixltx2e package on input line 46.


Package fixltx2e Warning: fixltx2e is not required with releases after 2015
(fixltx2e)                All fixes are now in the LaTeX kernel.
(fixltx2e)                See the latexrelease package for details.

Already applied: [0000/00/00] Old fixltx2e package on input line 53.
) (/usr/local/texlive/2022/texmf-dist/tex/latex/caption/caption.sty
Package: caption 2022/03/01 v3.6b Customizing captions (AR)
 (/usr/local/texlive/2022/texmf-dist/tex/latex/caption/caption3.sty
Package: caption3 2022/03/17 v2.3b caption3 kernel (AR)
\caption@tempdima=\dimen159
\captionmargin=\dimen160
\caption@leftmargin=\dimen161
\caption@rightmargin=\dimen162
\caption@width=\dimen163
\caption@indent=\dimen164
\caption@parindent=\dimen165
\caption@hangindent=\dimen166
Package caption Info: Standard document class detected.
)
\c@caption@flags=\count277
\c@continuedfloat=\count278
) (/usr/local/texlive/2022/texmf-dist/tex/latex/base/ifthen.sty
Package: ifthen 2020/11/24 v1.1c Standard LaTeX ifthen package (DPC)
) (/usr/local/texlive/2022/texmf-dist/tex/latex/url/url.sty
\Urlmuskip=\muskip17
Package: url 2013/09/16  ver 3.4  Verb mode for urls, etc.
) (/usr/local/texlive/2022/texmf-dist/tex/latex/enumitem/enumitem.sty
Package: enumitem 2019/06/20 v3.9 Customized lists
\labelindent=\skip52
\enit@outerparindent=\dimen167
\enit@toks=\toks26
\enit@inbox=\box52
\enit@count@id=\count279
\enitdp@description=\count280
) (/usr/local/texlive/2022/texmf-dist/tex/latex/tocbibind/tocbibind.sty
Package: tocbibind 2010/10/13 v1.5k extra ToC listings
Package tocbibind Info: The document has chapter divisions on input line 50.


Package tocbibind Note: Using chapter style headings, unless overridden.

) (/usr/local/texlive/2022/texmf-dist/tex/latex/psnfss/times.sty
Package: times 2020/03/25 PSNFSS-v9.3 (SPQR) 
) (/usr/local/texlive/2022/texmf-dist/tex/latex/natbib/natbib.sty
Package: natbib 2010/09/13 8.31b (PWD, AO)
\bibhang=\skip53
\bibsep=\skip54
LaTeX Info: Redefining \cite on input line 694.
\c@NAT@ctr=\count281
)
\listindentation=\dimen168
) (/usr/local/texlive/2022/texmf-dist/tex/latex/booktabs/booktabs.sty
Package: booktabs 2020/01/12 v1.61803398 Publication quality tables
\heavyrulewidth=\dimen169
\lightrulewidth=\dimen170
\cmidrulewidth=\dimen171
\belowrulesep=\dimen172
\belowbottomsep=\dimen173
\aboverulesep=\dimen174
\abovetopsep=\dimen175
\cmidrulesep=\dimen176
\cmidrulekern=\dimen177
\defaultaddspace=\dimen178
\@cmidla=\count282
\@cmidlb=\count283
\@aboverulesep=\dimen179
\@belowrulesep=\dimen180
\@thisruleclass=\count284
\@lastruleclass=\count285
\@thisrulewidth=\dimen181
) (/usr/local/texlive/2022/texmf-dist/tex/latex/pdfpages/pdfpages.sty
Package: pdfpages 2022/01/29 v0.5u Insert pages of external PDF documents (AM)
 (/usr/local/texlive/2022/texmf-dist/tex/latex/tools/calc.sty
Package: calc 2017/05/25 v4.3 Infix arithmetic (KKT,FJ)
\calc@Acount=\count286
\calc@Bcount=\count287
\calc@Adimen=\dimen182
\calc@Bdimen=\dimen183
\calc@Askip=\skip55
\calc@Bskip=\skip56
LaTeX Info: Redefining \setlength on input line 80.
LaTeX Info: Redefining \addtolength on input line 81.
\calc@Ccount=\count288
\calc@Cskip=\skip57
) (/usr/local/texlive/2022/texmf-dist/tex/latex/eso-pic/eso-pic.sty
Package: eso-pic 2020/10/14 v3.0a eso-pic (RN)
\ESO@tempdima=\dimen184
\ESO@tempdimb=\dimen185
 (/usr/local/texlive/2022/texmf-dist/tex/latex/xcolor/xcolor.sty
Package: xcolor 2021/10/31 v2.13 LaTeX color extensions (UK)
 (/usr/local/texlive/2022/texmf-dist/tex/latex/graphics-cfg/color.cfg
File: color.cfg 2016/01/02 v1.6 sample color configuration
)
Package xcolor Info: Driver file: pdftex.def on input line 227.
Package xcolor Info: Model `cmy' substituted by `cmy0' on input line 1352.
Package xcolor Info: Model `hsb' substituted by `rgb' on input line 1356.
Package xcolor Info: Model `RGB' extended on input line 1368.
Package xcolor Info: Model `HTML' substituted by `rgb' on input line 1370.
Package xcolor Info: Model `Hsb' substituted by `hsb' on input line 1371.
Package xcolor Info: Model `tHsb' substituted by `hsb' on input line 1372.
Package xcolor Info: Model `HSB' substituted by `hsb' on input line 1373.
Package xcolor Info: Model `Gray' substituted by `gray' on input line 1374.
Package xcolor Info: Model `wave' substituted by `hsb' on input line 1375.
))
\AM@pagewidth=\dimen186
\AM@pageheight=\dimen187
\AM@fboxrule=\dimen188
 (/usr/local/texlive/2022/texmf-dist/tex/latex/pdfpages/pppdftex.def
File: pppdftex.def 2022/01/29 v0.5u Pdfpages driver for pdfTeX (AM)
)
\pdfpages@includegraphics@status=\count289
\AM@pagebox=\box53
\AM@global@opts=\toks27
\AM@pagecnt=\count290
\AM@toc@title=\toks28
\c@AM@survey=\count291
\AM@templatesizebox=\box54
) (/usr/local/texlive/2022/texmf-dist/tex/latex/subfiles/subfiles.sty
Package: subfiles 2020/11/14 v2.2 Multi-file projects (package)
 (/usr/local/texlive/2022/texmf-dist/tex/latex/import/import.sty
Package: import 2020/04/01  v 6.2
)) (/usr/local/texlive/2022/texmf-dist/tex/latex/float/float.sty
Package: float 2001/11/08 v1.3d Float enhancements (AL)
\c@float@type=\count292
\float@exts=\toks29
\float@box=\box55
\@float@everytoks=\toks30
\@floatcapt=\box56
) (/usr/local/texlive/2022/texmf-dist/tex/latex/caption/subcaption.sty
Package: subcaption 2022/01/07 v1.5 Sub-captions (AR)
\c@subfigure=\count293
\c@subtable=\count294
)
LaTeX Font Info:    Trying to load font information for T1+ptm on input line 11.
 (/usr/local/texlive/2022/texmf-dist/tex/latex/psnfss/t1ptm.fd
File: t1ptm.fd 2001/06/04 font definitions for T1/ptm.
) (/usr/local/texlive/2022/texmf-dist/tex/latex/l3backend/l3backend-pdftex.def
File: l3backend-pdftex.def 2022-02-07 L3 backend support: PDF output (pdfTeX)
\l__color_backend_stack_int=\count295
\l__pdf_internal_box=\box57
) (./zavrsni.aux (./sections/Uvod/uvod.aux) (./sections/Analiza/analiza.aux) (./sections/RacunalniVid/racunalni_vid.aux) (./sections/Implementacija/implementacija.aux) (./sections/Arhitektura/arhitektura.aux) (./sections/Testiranje/testiranje.aux) (./sections/Zakljucak/zakljucak.aux))
\openout1 = `zavrsni.aux'.

LaTeX Font Info:    Checking defaults for OML/cmm/m/it on input line 11.
LaTeX Font Info:    ... okay on input line 11.
LaTeX Font Info:    Checking defaults for OMS/cmsy/m/n on input line 11.
LaTeX Font Info:    ... okay on input line 11.
LaTeX Font Info:    Checking defaults for OT1/cmr/m/n on input line 11.
LaTeX Font Info:    ... okay on input line 11.
LaTeX Font Info:    Checking defaults for T1/cmr/m/n on input line 11.
LaTeX Font Info:    ... okay on input line 11.
LaTeX Font Info:    Checking defaults for TS1/cmr/m/n on input line 11.
LaTeX Font Info:    ... okay on input line 11.
LaTeX Font Info:    Checking defaults for OMX/cmex/m/n on input line 11.
LaTeX Font Info:    ... okay on input line 11.
LaTeX Font Info:    Checking defaults for U/cmr/m/n on input line 11.
LaTeX Font Info:    ... okay on input line 11.

*geometry* driver: auto-detecting
*geometry* detected driver: pdftex
*geometry* verbose mode - [ preamble ] result:
* driver: pdftex
* paper: a4paper
* layout: <same size as paper>
* layoutoffset:(h,v)=(0.0pt,0.0pt)
* modes: 
* h-part:(L,W,R)=(99.58464pt, 412.56497pt, 85.35826pt)
* v-part:(T,H,B)=(85.35826pt, 674.33032pt, 85.35826pt)
* \paperwidth=597.50787pt
* \paperheight=845.04684pt
* \textwidth=412.56497pt
* \textheight=674.33032pt
* \oddsidemargin=27.31465pt
* \evensidemargin=27.31465pt
* \topmargin=-23.91173pt
* \headheight=12.0pt
* \headsep=25.0pt
* \topskip=12.0pt
* \footskip=30.0pt
* \marginparwidth=44.0pt
* \marginparsep=10.0pt
* \columnsep=10.0pt
* \skip\footins=10.8pt plus 4.0pt minus 2.0pt
* \hoffset=0.0pt
* \voffset=0.0pt
* \mag=1000
* \@twocolumnfalse
* \@twosidefalse
* \@mparswitchfalse
* \@reversemarginfalse
* (1in=72.27pt=25.4mm, 1cm=28.453pt)

(/usr/local/texlive/2022/texmf-dist/tex/context/base/mkii/supp-pdf.mkii
[Loading MPS to PDF converter (version 2006.09.02).]
\scratchcounter=\count296
\scratchdimen=\dimen189
\scratchbox=\box58
\nofMPsegments=\count297
\nofMParguments=\count298
\everyMPshowfont=\toks31
\MPscratchCnt=\count299
\MPscratchDim=\dimen190
\MPnumerator=\count300
\makeMPintoPDFobject=\count301
\everyMPtoPDFconversion=\toks32
) (/usr/local/texlive/2022/texmf-dist/tex/latex/epstopdf-pkg/epstopdf-base.sty
Package: epstopdf-base 2020-01-24 v2.11 Base part for package epstopdf
Package epstopdf-base Info: Redefining graphics rule for `.eps' on input line 485.
 (/usr/local/texlive/2022/texmf-dist/tex/latex/latexconfig/epstopdf-sys.cfg
File: epstopdf-sys.cfg 2010/07/13 v1.3 Configuration of (r)epstopdf for TeX Live
))
Package caption Info: Begin \AtBeginDocument code.
Package caption Info: float package is loaded.
Package caption Info: End \AtBeginDocument code.
 (/usr/local/texlive/2022/texmf-dist/tex/latex/pdflscape/pdflscape.sty
Package: pdflscape 2019/12/05 v0.12 Display of landscape pages in PDF (HO)
 (/usr/local/texlive/2022/texmf-dist/tex/latex/graphics/lscape.sty
Package: lscape 2020/05/28 v3.02 Landscape Pages (DPC)
)
Package pdflscape Info: Auto-detected driver: pdftex on input line 81.
)
LaTeX Font Info:    Trying to load font information for T1+phv on input line 22.
 (/usr/local/texlive/2022/texmf-dist/tex/latex/psnfss/t1phv.fd
File: t1phv.fd 2020/03/25 scalable font definitions for T1/phv.
)
LaTeX Font Info:    Trying to load font information for U+msa on input line 22.
 (/usr/local/texlive/2022/texmf-dist/tex/latex/amsfonts/umsa.fd
File: umsa.fd 2013/01/14 v3.01 AMS symbols A
)
LaTeX Font Info:    Trying to load font information for U+msb on input line 22.
 (/usr/local/texlive/2022/texmf-dist/tex/latex/amsfonts/umsb.fd
File: umsb.fd 2013/01/14 v3.01 AMS symbols B
) [1

{/usr/local/texlive/2022/texmf-var/fonts/map/pdftex/updmap/pdftex.map}] [3] (./zavrsni.toc [4

])
\tf@toc=\write3
\openout3 = `zavrsni.toc'.

 [5]
\openout2 = `sections/Uvod/uvod.aux'.

 (./sections/Uvod/uvod.tex
Poglavlje 1.
[1


]) [2]
\openout2 = `sections/Analiza/analiza.aux'.

 (./sections/Analiza/analiza.tex
Poglavlje 2.
(./sections/Analiza/subsections/postojece_aplikacije.tex [3




]
<images/analiza/vodic_paklenica.jpeg, id=30, 1084.05pt x 1354.05875pt>
File: images/analiza/vodic_paklenica.jpeg Graphic file (type jpg)
<use images/analiza/vodic_paklenica.jpeg>
Package pdftex.def Info: images/analiza/vodic_paklenica.jpeg  used on input line 16.
(pdftex.def)             Requested size: 247.54149pt x 309.19554pt.
 [4 <./images/analiza/vodic_paklenica.jpeg>]
<images/analiza/8anu_logbook.png, id=34, 2455.1725pt x 2039.62pt>
File: images/analiza/8anu_logbook.png Graphic file (type png)
<use images/analiza/8anu_logbook.png>
Package pdftex.def Info: images/analiza/8anu_logbook.png  used on input line 36.
(pdftex.def)             Requested size: 330.05322pt x 274.1853pt.
 [5 <./images/analiza/8anu_logbook.png>]
<images/analiza/8anu_mobile.jpg, id=40, 394.47375pt x 801.99625pt>
File: images/analiza/8anu_mobile.jpg Graphic file (type jpg)
<use images/analiza/8anu_mobile.jpg>
Package pdftex.def Info: images/analiza/8anu_mobile.jpg  used on input line 51.
(pdftex.def)             Requested size: 165.02347pt x 335.50224pt.
 [6 <./images/analiza/8anu_mobile.jpg>]
<images/analiza/cikola_27crags_topo.jpeg, id=44, 2318.6625pt x 813.0375pt>
File: images/analiza/cikola_27crags_topo.jpeg Graphic file (type jpg)
<use images/analiza/cikola_27crags_topo.jpeg>
Package pdftex.def Info: images/analiza/cikola_27crags_topo.jpeg  used on input line 67.
(pdftex.def)             Requested size: 412.56497pt x 144.66563pt.
 [7 <./images/analiza/cikola_27crags_topo.jpeg>]
Overfull \hbox (4.72583pt too wide) in paragraph at lines 79--79
[]\T1/ptm/b/n/17.28 Problem iden-ti-fi-ka-cije pe-nja£-kog smjera: prak-ti£ni
 []

<images/analiza/cikola_27crags_map.jpeg, id=48, 3532.19624pt x 2200.22pt>
File: images/analiza/cikola_27crags_map.jpeg Graphic file (type jpg)
<use images/analiza/cikola_27crags_map.jpeg>
Package pdftex.def Info: images/analiza/cikola_27crags_map.jpeg  used on input line 84.
(pdftex.def)             Requested size: 371.30595pt x 231.28171pt.
[8 <./images/analiza/cikola_27crags_map.jpeg>]
<images/analiza/cikola_fizicka_slika.jpg, id=52, 971.3088pt x 728.4816pt>
File: images/analiza/cikola_fizicka_slika.jpg Graphic file (type jpg)
<use images/analiza/cikola_fizicka_slika.jpg>
Package pdftex.def Info: images/analiza/cikola_fizicka_slika.jpg  used on input line 94.
(pdftex.def)             Requested size: 330.05322pt x 247.53596pt.
)) [9 <./images/analiza/cikola_fizicka_slika.jpg>]
\openout2 = `sections/RacunalniVid/racunalni_vid.aux'.

 (./sections/RacunalniVid/racunalni_vid.tex
Poglavlje 3.

Overfull \hbox (1.20027pt too wide) in paragraph at lines 5--6
[]\T1/ptm/m/n/12 Cjelokupni pro-ces pre-poz-na-va-nja pe-nja£-kog smjera po-mo¢u de-tek-cije zna-£ajki zah-
 []

<images/racunalniVid/apaches_frame.jpg, id=57, 2613.765pt x 4641.34pt>
File: images/racunalniVid/apaches_frame.jpg Graphic file (type jpg)
<use images/racunalniVid/apaches_frame.jpg>
Package pdftex.def Info: images/racunalniVid/apaches_frame.jpg  used on input line 11.
(pdftex.def)             Requested size: 132.0238pt x 234.4177pt.
<images/racunalniVid/apaches_ref_photo.png, id=58, 2032.59375pt x 3613.5pt>
File: images/racunalniVid/apaches_ref_photo.png Graphic file (type png)
<use images/racunalniVid/apaches_ref_photo.png>
Package pdftex.def Info: images/racunalniVid/apaches_ref_photo.png  used on input line 18.
(pdftex.def)             Requested size: 132.0238pt x 234.66519pt.
<images/racunalniVid/apaches_line.png, id=59, 677.53125pt x 1204.5pt>
File: images/racunalniVid/apaches_line.png Graphic file (type png)
<use images/racunalniVid/apaches_line.png>
Package pdftex.def Info: images/racunalniVid/apaches_line.png  used on input line 25.
(pdftex.def)             Requested size: 132.0238pt x 234.70195pt.
[10




] (./sections/RacunalniVid/subsections/detekcija_znacajki.tex [11 <./images/racunalniVid/apaches_frame.jpg> <./images/racunalniVid/apaches_ref_photo.png> <./images/racunalniVid/apaches_line.png>] [12]
<images/racunalniVid/feature_detection_train.png, id=70, 385.9218pt x 669.9429pt>
File: images/racunalniVid/feature_detection_train.png Graphic file (type png)
<use images/racunalniVid/feature_detection_train.png>
Package pdftex.def Info: images/racunalniVid/feature_detection_train.png  used on input line 25.
(pdftex.def)             Requested size: 198.02942pt x 343.78241pt.
<images/racunalniVid/feature_detection_frame.png, id=71, 381.5856pt x 669.2202pt>
File: images/racunalniVid/feature_detection_frame.png Graphic file (type png)
<use images/racunalniVid/feature_detection_frame.png>
Package pdftex.def Info: images/racunalniVid/feature_detection_frame.png  used on input line 32.
(pdftex.def)             Requested size: 198.02942pt x 347.30212pt.
 [13]) (./sections/RacunalniVid/subsections/uparivanje_znacajki.tex
Overfull \hbox (24.17929pt too wide) in paragraph at lines 5--6
[]\T1/ptm/m/n/12 Prva me-toda je ko-ri-²te-nje \T1/ptm/m/it/12 brute force \T1/ptm/m/n/12 al-go-ritma. Sli£-nost iz-mežu dva 128-dimenzionalna
 []

[14 <./images/racunalniVid/feature_detection_train.png> <./images/racunalniVid/feature_detection_frame.png>] [15]
<images/racunalniVid/feature_matching.png, id=90, 656.2116pt x 652.5981pt>
File: images/racunalniVid/feature_matching.png Graphic file (type png)
<use images/racunalniVid/feature_matching.png>
Package pdftex.def Info: images/racunalniVid/feature_matching.png  used on input line 24.
(pdftex.def)             Requested size: 371.30595pt x 369.26628pt.
) (./sections/RacunalniVid/subsections/homografija.tex [16 <./images/racunalniVid/feature_matching.png>] [17]
LaTeX Font Info:    Trying to load font information for T1+pcr on input line 48.
 (/usr/local/texlive/2022/texmf-dist/tex/latex/psnfss/t1pcr.fd
File: t1pcr.fd 2001/06/04 font definitions for T1/pcr.
)
<images/racunalniVid/frame_with_route.jpg, id=99, 2613.765pt x 4641.34pt>
File: images/racunalniVid/frame_with_route.jpg Graphic file (type jpg)
<use images/racunalniVid/frame_with_route.jpg>
Package pdftex.def Info: images/racunalniVid/frame_with_route.jpg  used on input line 55.
(pdftex.def)             Requested size: 165.02347pt x 292.9867pt.
)) [18 <./images/racunalniVid/frame_with_route.jpg>] [19]
\openout2 = `sections/Implementacija/implementacija.aux'.

 (./sections/Implementacija/implementacija.tex
Poglavlje 4.
(./sections/Implementacija/subsections/autentifikacija.tex
<images/implementacija/first.png, id=107, 1210.5225pt x 2631.8325pt>
File: images/implementacija/first.png Graphic file (type png)
<use images/implementacija/first.png>
Package pdftex.def Info: images/implementacija/first.png  used on input line 7.
(pdftex.def)             Requested size: 144.40025pt x 313.91882pt.
 [20




]
<images/implementacija/web/pocetni_zaslon.png, id=111, 1889.0575pt x 1034.86626pt>
File: images/implementacija/web/pocetni_zaslon.png Graphic file (type png)
<use images/implementacija/web/pocetni_zaslon.png>
Package pdftex.def Info: images/implementacija/web/pocetni_zaslon.png  used on input line 16.
(pdftex.def)             Requested size: 371.30595pt x 203.40086pt.
 [21 <./images/implementacija/first.png>]
<images/implementacija/register.png, id=116, 1210.5225pt x 2631.8325pt>
File: images/implementacija/register.png Graphic file (type png)
<use images/implementacija/register.png>
Package pdftex.def Info: images/implementacija/register.png  used on input line 29.
(pdftex.def)             Requested size: 144.39711pt x 313.91882pt.
<images/implementacija/web/register.png, id=117, 1076.02pt x 1808.7575pt>
File: images/implementacija/web/register.png Graphic file (type png)
<use images/implementacija/web/register.png>
Package pdftex.def Info: images/implementacija/web/register.png  used on input line 35.
(pdftex.def)             Requested size: 206.28249pt x 346.73103pt.
 [22 <./images/implementacija/web/pocetni_zaslon.png>]
<images/implementacija/login.png, id=122, 1210.5225pt x 2631.8325pt>
File: images/implementacija/login.png Graphic file (type png)
<use images/implementacija/login.png>
Package pdftex.def Info: images/implementacija/login.png  used on input line 52.
(pdftex.def)             Requested size: 129.95934pt x 282.5149pt.
<images/implementacija/web/login.png, id=123, 1162.3425pt x 895.345pt>
File: images/implementacija/web/login.png Graphic file (type png)
<use images/implementacija/web/login.png>
Package pdftex.def Info: images/implementacija/web/login.png  used on input line 58.
(pdftex.def)             Requested size: 247.54149pt x 190.67839pt.
 [23 <./images/implementacija/register.png> <./images/implementacija/web/register.png>] [24 <./images/implementacija/login.png> <./images/implementacija/web/login.png>]) (./sections/Implementacija/subsections/pocetni.tex
<images/implementacija/main_nav_1.png, id=132, 1210.5225pt x 2631.8325pt>
File: images/implementacija/main_nav_1.png Graphic file (type png)
<use images/implementacija/main_nav_1.png>
Package pdftex.def Info: images/implementacija/main_nav_1.png  used on input line 7.
(pdftex.def)             Requested size: 144.40025pt x 313.91882pt.
 [25 <./images/implementacija/main_nav_1.png>]
<images/implementacija/web/explore.jpeg, id=136, 3533.2pt x 2209.25375pt>
File: images/implementacija/web/explore.jpeg Graphic file (type jpg)
<use images/implementacija/web/explore.jpeg>
Package pdftex.def Info: images/implementacija/web/explore.jpeg  used on input line 24.
(pdftex.def)             Requested size: 371.30595pt x 232.1639pt.
) (./sections/Implementacija/subsections/geo_karta.tex [26 <./images/implementacija/web/explore.jpeg>]
<images/implementacija/geo_karta.png, id=140, 1210.5225pt x 2631.8325pt>
File: images/implementacija/geo_karta.png Graphic file (type png)
<use images/implementacija/geo_karta.png>
Package pdftex.def Info: images/implementacija/geo_karta.png  used on input line 9.
(pdftex.def)             Requested size: 123.77074pt x 269.06181pt.
<images/implementacija/web/map_clusters.jpeg, id=141, 3031.325pt x 1300.86pt>
File: images/implementacija/web/map_clusters.jpeg Graphic file (type jpg)
<use images/implementacija/web/map_clusters.jpeg>
Package pdftex.def Info: images/implementacija/web/map_clusters.jpeg  used on input line 16.
(pdftex.def)             Requested size: 371.30595pt x 159.33192pt.
 [27 <./images/implementacija/geo_karta.png> <./images/implementacija/web/map_clusters.jpeg>]
<images/implementacija/geo_karta_ceuse.png, id=146, 1210.5225pt x 2631.8325pt>
File: images/implementacija/geo_karta_ceuse.png Graphic file (type png)
<use images/implementacija/geo_karta_ceuse.png>
Package pdftex.def Info: images/implementacija/geo_karta_ceuse.png  used on input line 30.
(pdftex.def)             Requested size: 123.77074pt x 269.06181pt.
<images/implementacija/web/map_selected.png, id=147, 3035.34pt x 1300.86pt>
File: images/implementacija/web/map_selected.png Graphic file (type png)
<use images/implementacija/web/map_selected.png>
Package pdftex.def Info: images/implementacija/web/map_selected.png  used on input line 37.
(pdftex.def)             Requested size: 371.30595pt x 159.11359pt.
) (./sections/Implementacija/subsections/search.tex [28 <./images/implementacija/geo_karta_ceuse.png> <./images/implementacija/web/map_selected.png>]
<images/implementacija/search_default.png, id=152, 1210.5225pt x 2631.8325pt>
File: images/implementacija/search_default.png Graphic file (type png)
<use images/implementacija/search_default.png>
Package pdftex.def Info: images/implementacija/search_default.png  used on input line 9.
(pdftex.def)             Requested size: 144.40025pt x 313.91882pt.
<images/implementacija/web/search_default.png, id=153, 1027.84pt x 702.625pt>
File: images/implementacija/web/search_default.png Graphic file (type png)
<use images/implementacija/web/search_default.png>
Package pdftex.def Info: images/implementacija/web/search_default.png  used on input line 16.
(pdftex.def)             Requested size: 247.54149pt x 169.21239pt.
<images/implementacija/search_searching.png, id=154, 1210.5225pt x 2631.8325pt>
File: images/implementacija/search_searching.png Graphic file (type png)
<use images/implementacija/search_searching.png>
Package pdftex.def Info: images/implementacija/search_searching.png  used on input line 30.
(pdftex.def)             Requested size: 144.40025pt x 313.91882pt.
<images/implementacija/web/search_searching.png, id=155, 513.92pt x 158.5925pt>
File: images/implementacija/web/search_searching.png Graphic file (type png)
<use images/implementacija/web/search_searching.png>
Package pdftex.def Info: images/implementacija/web/search_searching.png  used on input line 37.
(pdftex.def)             Requested size: 247.54149pt x 76.38971pt.
 [29 <./images/implementacija/search_default.png> <./images/implementacija/web/search_default.png>]) (./sections/Implementacija/subsections/crag_details.tex
<images/implementacija/crag-details/crag-details-top.png, id=160, 1210.5225pt x 2631.8325pt>
File: images/implementacija/crag-details/crag-details-top.png Graphic file (type png)
<use images/implementacija/crag-details/crag-details-top.png>
Package pdftex.def Info: images/implementacija/crag-details/crag-details-top.png  used on input line 7.
(pdftex.def)             Requested size: 123.77074pt x 269.06181pt.
<images/implementacija/web/crag-details/crag-details-top.png, id=161, 3525.17pt x 2202.2275pt>
File: images/implementacija/web/crag-details/crag-details-top.png Graphic file (type png)
<use images/implementacija/web/crag-details/crag-details-top.png>
Package pdftex.def Info: images/implementacija/web/crag-details/crag-details-top.png  used on input line 14.
(pdftex.def)             Requested size: 371.30595pt x 231.92958pt.
 [30 <./images/implementacija/search_searching.png> <./images/implementacija/web/search_searching.png>] [31 <./images/implementacija/crag-details/crag-details-top.png> <./images/implementacija/web/crag-details/crag-details-top.png>]
<images/implementacija/crag-details/crag-weather-1.png, id=170, 1210.5225pt x 2631.8325pt>
File: images/implementacija/crag-details/crag-weather-1.png Graphic file (type png)
<use images/implementacija/crag-details/crag-weather-1.png>
Package pdftex.def Info: images/implementacija/crag-details/crag-weather-1.png  used on input line 29.
(pdftex.def)             Requested size: 144.40025pt x 313.91882pt.
<images/implementacija/web/crag-details/crag-weather.png, id=171, 3001.2125pt x 1836.8625pt>
File: images/implementacija/web/crag-details/crag-weather.png Graphic file (type png)
<use images/implementacija/web/crag-details/crag-weather.png>
Package pdftex.def Info: images/implementacija/web/crag-details/crag-weather.png  used on input line 36.
(pdftex.def)             Requested size: 371.30595pt x 227.25287pt.
 [32] [33 <./images/implementacija/crag-details/crag-weather-1.png> <./images/implementacija/web/crag-details/crag-weather.png>]
<images/implementacija/crag-details/crag-map.png, id=180, 1210.5225pt x 2631.8325pt>
File: images/implementacija/crag-details/crag-map.png Graphic file (type png)
<use images/implementacija/crag-details/crag-map.png>
Package pdftex.def Info: images/implementacija/crag-details/crag-map.png  used on input line 53.
(pdftex.def)             Requested size: 144.40025pt x 313.91882pt.
<images/implementacija/web/crag-details/crag-map.png, id=181, 3003.22pt x 1043.9pt>
File: images/implementacija/web/crag-details/crag-map.png Graphic file (type png)
<use images/implementacija/web/crag-details/crag-map.png>
Package pdftex.def Info: images/implementacija/web/crag-details/crag-map.png  used on input line 60.
(pdftex.def)             Requested size: 371.30595pt x 129.0536pt.
 [34 <./images/implementacija/crag-details/crag-map.png> <./images/implementacija/web/crag-details/crag-map.png>]
<images/implementacija/crag-details/crag-all-sectors-tabs.png, id=186, 1210.5225pt x 2631.8325pt>
File: images/implementacija/crag-details/crag-all-sectors-tabs.png Graphic file (type png)
<use images/implementacija/crag-details/crag-all-sectors-tabs.png>
Package pdftex.def Info: images/implementacija/crag-details/crag-all-sectors-tabs.png  used on input line 74.
(pdftex.def)             Requested size: 115.51591pt x 251.11096pt.
<images/implementacija/web/crag-details/crag-all-sectors.png, id=187, 975.645pt x 1461.46pt>
File: images/implementacija/web/crag-details/crag-all-sectors.png Graphic file (type png)
<use images/implementacija/web/crag-details/crag-all-sectors.png>
Package pdftex.def Info: images/implementacija/web/crag-details/crag-all-sectors.png  used on input line 81.
(pdftex.def)             Requested size: 226.91199pt x 339.89745pt.
<images/implementacija/crag-details/crag-all-sectors-table.png, id=188, 1210.5225pt x 2631.8325pt>
File: images/implementacija/crag-details/crag-all-sectors-table.png Graphic file (type png)
<use images/implementacija/crag-details/crag-all-sectors-table.png>
Package pdftex.def Info: images/implementacija/crag-details/crag-all-sectors-table.png  used on input line 93.
(pdftex.def)             Requested size: 144.40025pt x 313.91882pt.
 [35 <./images/implementacija/crag-details/crag-all-sectors-tabs.png> <./images/implementacija/web/crag-details/crag-all-sectors.png>]
<images/implementacija/crag-details/crag-selected-sector.png, id=193, 1210.5225pt x 2631.8325pt>
File: images/implementacija/crag-details/crag-selected-sector.png Graphic file (type png)
<use images/implementacija/crag-details/crag-selected-sector.png>
Package pdftex.def Info: images/implementacija/crag-details/crag-selected-sector.png  used on input line 106.
(pdftex.def)             Requested size: 144.40025pt x 313.91882pt.
<images/implementacija/web/crag-details/crag-selected-sector.png, id=194, 970.62625pt x 1820.8025pt>
File: images/implementacija/web/crag-details/crag-selected-sector.png Graphic file (type png)
<use images/implementacija/web/crag-details/crag-selected-sector.png>
Package pdftex.def Info: images/implementacija/web/crag-details/crag-selected-sector.png  used on input line 113.
(pdftex.def)             Requested size: 247.54149pt x 464.36797pt.
 [36 <./images/implementacija/crag-details/crag-all-sectors-table.png>]) (./sections/Implementacija/subsections/route_details.tex
<images/implementacija/route-details/route-details.png, id=198, 1210.5225pt x 2631.8325pt>
File: images/implementacija/route-details/route-details.png Graphic file (type png)
<use images/implementacija/route-details/route-details.png>
Package pdftex.def Info: images/implementacija/route-details/route-details.png  used on input line 5.
(pdftex.def)             Requested size: 123.77074pt x 269.06181pt.
 [37 <./images/implementacija/crag-details/crag-selected-sector.png> <./images/implementacija/web/crag-details/crag-selected-sector.png>]
Overfull \hbox (32.57072pt too wide) in paragraph at lines 10--12
\T1/ptm/m/n/12 Pristupom de-talj-nom pre-gledu po-je-di-nog pe-nja£-kog smjera na mo-bil-noj apli-ka-ciji (slika 4.17[]),
 []

<images/implementacija/web/route-details/route-details.png, id=203, 941.5175pt x 1092.08pt>
File: images/implementacija/web/route-details/route-details.png Graphic file (type png)
<use images/implementacija/web/route-details/route-details.png>
Package pdftex.def Info: images/implementacija/web/route-details/route-details.png  used on input line 15.
(pdftex.def)             Requested size: 330.05322pt x 382.83362pt.
[38 <./images/implementacija/route-details/route-details.png>]
<images/implementacija/route-details/log-ascent.png, id=207, 1210.5225pt x 2631.8325pt>
File: images/implementacija/route-details/log-ascent.png Graphic file (type png)
<use images/implementacija/route-details/log-ascent.png>
Package pdftex.def Info: images/implementacija/route-details/log-ascent.png  used on input line 26.
(pdftex.def)             Requested size: 156.7767pt x 340.82501pt.
<images/implementacija/web/route-details/log-ascent.png, id=208, 513.92pt x 855.195pt>
File: images/implementacija/web/route-details/log-ascent.png Graphic file (type png)
<use images/implementacija/web/route-details/log-ascent.png>
Package pdftex.def Info: images/implementacija/web/route-details/log-ascent.png  used on input line 33.
(pdftex.def)             Requested size: 226.91199pt x 377.59189pt.
 [39 <./images/implementacija/web/route-details/route-details.png>]
<images/implementacija/route-details/view-ascents.png, id=214, 1210.5225pt x 2631.8325pt>
File: images/implementacija/route-details/view-ascents.png Graphic file (type png)
<use images/implementacija/route-details/view-ascents.png>
Package pdftex.def Info: images/implementacija/route-details/view-ascents.png  used on input line 47.
(pdftex.def)             Requested size: 156.7767pt x 340.82501pt.
<images/implementacija/web/route-details/view-ascents.png, id=215, 578.16pt x 517.935pt>
File: images/implementacija/web/route-details/view-ascents.png Graphic file (type png)
<use images/implementacija/web/route-details/view-ascents.png>
Package pdftex.def Info: images/implementacija/web/route-details/view-ascents.png  used on input line 54.
(pdftex.def)             Requested size: 226.91199pt x 203.27412pt.
 [40 <./images/implementacija/route-details/log-ascent.png> <./images/implementacija/web/route-details/log-ascent.png>]) (./sections/Implementacija/subsections/route-detection.tex [41 <./images/implementacija/route-details/view-ascents.png> <./images/implementacija/web/route-details/view-ascents.png>]) (./sections/Implementacija/subsections/user-profile.tex
<images/implementacija/user_profile_1.png, id=224, 1210.5225pt x 2631.8325pt>
File: images/implementacija/user_profile_1.png Graphic file (type png)
<use images/implementacija/user_profile_1.png>
Package pdftex.def Info: images/implementacija/user_profile_1.png  used on input line 9.
(pdftex.def)             Requested size: 123.77074pt x 269.06181pt.
<images/implementacija/web/user-profile-1.png, id=225, 1042.89626pt x 990.70125pt>
File: images/implementacija/web/user-profile-1.png Graphic file (type png)
<use images/implementacija/web/user-profile-1.png>
Package pdftex.def Info: images/implementacija/web/user-profile-1.png  used on input line 16.
(pdftex.def)             Requested size: 268.1647pt x 254.73428pt.
 [42]
<images/implementacija/user_profile_2.png, id=229, 1210.5225pt x 2631.8325pt>
File: images/implementacija/user_profile_2.png Graphic file (type png)
<use images/implementacija/user_profile_2.png>
Package pdftex.def Info: images/implementacija/user_profile_2.png  used on input line 30.
(pdftex.def)             Requested size: 123.77074pt x 269.06181pt.
<images/implementacija/web/user-profile-2.png, id=230, 972.63374pt x 1003.75pt>
File: images/implementacija/web/user-profile-2.png Graphic file (type png)
<use images/implementacija/web/user-profile-2.png>
Package pdftex.def Info: images/implementacija/web/user-profile-2.png  used on input line 37.
(pdftex.def)             Requested size: 268.1647pt x 276.7443pt.
 [43 <./images/implementacija/user_profile_1.png> <./images/implementacija/web/user-profile-1.png>]
<images/implementacija/user_profile_3.png, id=235, 1210.5225pt x 2631.8325pt>
File: images/implementacija/user_profile_3.png Graphic file (type png)
<use images/implementacija/user_profile_3.png>
Package pdftex.def Info: images/implementacija/user_profile_3.png  used on input line 51.
(pdftex.def)             Requested size: 136.14719pt x 295.96799pt.
<images/implementacija/web/user-profile-3.png, id=236, 972.63374pt x 1105.12875pt>
File: images/implementacija/web/user-profile-3.png Graphic file (type png)
<use images/implementacija/web/user-profile-3.png>
Package pdftex.def Info: images/implementacija/web/user-profile-3.png  used on input line 58.
(pdftex.def)             Requested size: 268.1647pt x 304.69547pt.
 [44 <./images/implementacija/user_profile_2.png> <./images/implementacija/web/user-profile-2.png>]
<images/implementacija/user-profile-other.png, id=241, 1210.5225pt x 2631.8325pt>
File: images/implementacija/user-profile-other.png Graphic file (type png)
<use images/implementacija/user-profile-other.png>
Package pdftex.def Info: images/implementacija/user-profile-other.png  used on input line 77.
(pdftex.def)             Requested size: 136.14719pt x 295.96799pt.
<images/implementacija/web/user-profile-other.png, id=242, 1044.90375pt x 1680.2775pt>
File: images/implementacija/web/user-profile-other.png Graphic file (type png)
<use images/implementacija/web/user-profile-other.png>
Package pdftex.def Info: images/implementacija/web/user-profile-other.png  used on input line 84.
(pdftex.def)             Requested size: 268.1647pt x 431.22128pt.
) (./sections/Implementacija/subsections/editing.tex [45 <./images/implementacija/user_profile_3.png> <./images/implementacija/web/user-profile-3.png>] [46 <./images/implementacija/user-profile-other.png> <./images/implementacija/web/user-profile-other.png>]
<images/implementacija/editing-options/create_crag.png, id=253, 1210.5225pt x 2631.8325pt>
File: images/implementacija/editing-options/create_crag.png Graphic file (type png)
<use images/implementacija/editing-options/create_crag.png>
Package pdftex.def Info: images/implementacija/editing-options/create_crag.png  used on input line 13.
(pdftex.def)             Requested size: 127.89412pt x 278.05731pt.
<images/implementacija/web/editing-options/create-crag.png, id=254, 513.92pt x 578.16pt>
File: images/implementacija/web/editing-options/create-crag.png Graphic file (type png)
<use images/implementacija/web/editing-options/create-crag.png>
Package pdftex.def Info: images/implementacija/web/editing-options/create-crag.png  used on input line 20.
(pdftex.def)             Requested size: 247.54149pt x 278.48407pt.
<images/implementacija/editing-options/edit-crag.png, id=255, 1210.5225pt x 2631.8325pt>
File: images/implementacija/editing-options/edit-crag.png Graphic file (type png)
<use images/implementacija/editing-options/edit-crag.png>
Package pdftex.def Info: images/implementacija/editing-options/edit-crag.png  used on input line 34.
(pdftex.def)             Requested size: 148.52364pt x 322.87418pt.
<images/implementacija/web/editing-options/edit-crag.png, id=256, 513.92pt x 877.2775pt>
File: images/implementacija/web/editing-options/edit-crag.png Graphic file (type png)
<use images/implementacija/web/editing-options/edit-crag.png>
Package pdftex.def Info: images/implementacija/web/editing-options/edit-crag.png  used on input line 41.
(pdftex.def)             Requested size: 193.90604pt x 330.99956pt.
 [47 <./images/implementacija/editing-options/create_crag.png> <./images/implementacija/web/editing-options/create-crag.png>] [48 <./images/implementacija/editing-options/edit-crag.png> <./images/implementacija/web/editing-options/edit-crag.png>]
<images/implementacija/editing-options/manage-users.png, id=265, 1210.5225pt x 2631.8325pt>
File: images/implementacija/editing-options/manage-users.png Graphic file (type png)
<use images/implementacija/editing-options/manage-users.png>
Package pdftex.def Info: images/implementacija/editing-options/manage-users.png  used on input line 62.
(pdftex.def)             Requested size: 148.52364pt x 322.87418pt.
<images/implementacija/web/editing-options/manage-users.png, id=266, 513.92pt x 399.4925pt>
File: images/implementacija/web/editing-options/manage-users.png Graphic file (type png)
<use images/implementacija/web/editing-options/manage-users.png>
Package pdftex.def Info: images/implementacija/web/editing-options/manage-users.png  used on input line 69.
(pdftex.def)             Requested size: 247.54149pt x 192.42474pt.

Overfull \hbox (18.85466pt too wide) in paragraph at lines 77--78
\T1/ptm/m/n/12 tre-nutno imaju ili mogu do-biti do-zvole za ure-ži-va-nje sa-dr-ºaja na tom pe-nja-li-²tu (slika 4.27[]).
 []

<images/implementacija/editing-options/create-sector.png, id=267, 1210.5225pt x 2631.8325pt>
File: images/implementacija/editing-options/create-sector.png Graphic file (type png)
<use images/implementacija/editing-options/create-sector.png>
Package pdftex.def Info: images/implementacija/editing-options/create-sector.png  used on input line 88.
(pdftex.def)             Requested size: 148.52364pt x 322.87418pt.
<images/implementacija/web/editing-options/create-sector.png, id=268, 513.92pt x 905.3825pt>
File: images/implementacija/web/editing-options/create-sector.png Graphic file (type png)
<use images/implementacija/web/editing-options/create-sector.png>
Package pdftex.def Info: images/implementacija/web/editing-options/create-sector.png  used on input line 95.
(pdftex.def)             Requested size: 185.65297pt x 327.07028pt.
[49 <./images/implementacija/editing-options/manage-users.png> <./images/implementacija/web/editing-options/manage-users.png>]
<images/implementacija/editing-options/edit-sector.png, id=273, 1210.5225pt x 2631.8325pt>
File: images/implementacija/editing-options/edit-sector.png Graphic file (type png)
<use images/implementacija/editing-options/edit-sector.png>
Package pdftex.def Info: images/implementacija/editing-options/edit-sector.png  used on input line 111.
(pdftex.def)             Requested size: 156.7767pt x 340.82501pt.
<images/implementacija/web/editing-options/edit-sector.png, id=274, 1027.84pt x 2005.4925pt>
File: images/implementacija/web/editing-options/edit-sector.png Graphic file (type png)
<use images/implementacija/web/editing-options/edit-sector.png>
Package pdftex.def Info: images/implementacija/web/editing-options/edit-sector.png  used on input line 118.
(pdftex.def)             Requested size: 177.3999pt x 346.13144pt.
 [50 <./images/implementacija/editing-options/create-sector.png> <./images/implementacija/web/editing-options/create-sector.png>]
<images/implementacija/editing-options/create-route.png, id=279, 1210.5225pt x 2631.8325pt>
File: images/implementacija/editing-options/create-route.png Graphic file (type png)
<use images/implementacija/editing-options/create-route.png>
Package pdftex.def Info: images/implementacija/editing-options/create-route.png  used on input line 137.
(pdftex.def)             Requested size: 156.7767pt x 340.82501pt.
<images/implementacija/web/editing-options/create-route.png, id=280, 513.92pt x 531.9875pt>
File: images/implementacija/web/editing-options/create-route.png Graphic file (type png)
<use images/implementacija/web/editing-options/create-route.png>
Package pdftex.def Info: images/implementacija/web/editing-options/create-route.png  used on input line 144.
(pdftex.def)             Requested size: 226.91199pt x 234.88696pt.
 [51 <./images/implementacija/editing-options/edit-sector.png> <./images/implementacija/web/editing-options/edit-sector.png>]
<images/implementacija/editing-options/add-route-photo.png, id=286, 1210.5225pt x 2631.8325pt>
File: images/implementacija/editing-options/add-route-photo.png Graphic file (type png)
<use images/implementacija/editing-options/add-route-photo.png>
Package pdftex.def Info: images/implementacija/editing-options/add-route-photo.png  used on input line 157.
(pdftex.def)             Requested size: 123.77074pt x 269.06181pt.
 [52 <./images/implementacija/editing-options/create-route.png> <./images/implementacija/web/editing-options/create-route.png>]
<images/implementacija/editing-options/edit-route.png, id=291, 1210.5225pt x 2631.8325pt>
File: images/implementacija/editing-options/edit-route.png Graphic file (type png)
<use images/implementacija/editing-options/edit-route.png>
Package pdftex.def Info: images/implementacija/editing-options/edit-route.png  used on input line 168.
(pdftex.def)             Requested size: 156.7767pt x 340.82501pt.
<images/implementacija/web/editing-options/edit-route.png, id=292, 513.92pt x 531.9875pt>
File: images/implementacija/web/editing-options/edit-route.png Graphic file (type png)
<use images/implementacija/web/editing-options/edit-route.png>
Package pdftex.def Info: images/implementacija/web/editing-options/edit-route.png  used on input line 175.
(pdftex.def)             Requested size: 226.91199pt x 234.88696pt.
 [53 <./images/implementacija/editing-options/add-route-photo.png>]
<images/implementacija/editing-options/edit_profile.png, id=296, 1210.5225pt x 2631.8325pt>
File: images/implementacija/editing-options/edit_profile.png Graphic file (type png)
<use images/implementacija/editing-options/edit_profile.png>
Package pdftex.def Info: images/implementacija/editing-options/edit_profile.png  used on input line 197.
(pdftex.def)             Requested size: 144.40025pt x 313.91882pt.
<images/implementacija/web/editing-options/edit-user.png, id=297, 513.92pt x 652.4375pt>
File: images/implementacija/web/editing-options/edit-user.png Graphic file (type png)
<use images/implementacija/web/editing-options/edit-user.png>
Package pdftex.def Info: images/implementacija/web/editing-options/edit-user.png  used on input line 204.
(pdftex.def)             Requested size: 226.91199pt x 288.06892pt.
 [54 <./images/implementacija/editing-options/edit-route.png> <./images/implementacija/web/editing-options/edit-route.png>]) (./sections/Implementacija/subsections/offline-mode.tex
<images/implementacija/offline-mode/crag-tab.png, id=302, 1210.5225pt x 2631.8325pt>
File: images/implementacija/offline-mode/crag-tab.png Graphic file (type png)
<use images/implementacija/offline-mode/crag-tab.png>
Package pdftex.def Info: images/implementacija/offline-mode/crag-tab.png  used on input line 9.
(pdftex.def)             Requested size: 115.51591pt x 251.11096pt.
<images/implementacija/offline-mode/routes-tab.png, id=303, 1210.5225pt x 2631.8325pt>
File: images/implementacija/offline-mode/routes-tab.png Graphic file (type png)
<use images/implementacija/offline-mode/routes-tab.png>
Package pdftex.def Info: images/implementacija/offline-mode/routes-tab.png  used on input line 16.
(pdftex.def)             Requested size: 115.51591pt x 251.11096pt.
 [55 <./images/implementacija/editing-options/edit_profile.png> <./images/implementacija/web/editing-options/edit-user.png>]
<images/implementacija/offline-mode/offline-crag-view.png, id=308, 1210.5225pt x 2631.8325pt>
File: images/implementacija/offline-mode/offline-crag-view.png Graphic file (type png)
<use images/implementacija/offline-mode/offline-crag-view.png>
Package pdftex.def Info: images/implementacija/offline-mode/offline-crag-view.png  used on input line 30.
(pdftex.def)             Requested size: 132.01927pt x 287.01265pt.
<images/implementacija/offline-mode/offline-route-view.png, id=309, 1210.5225pt x 2631.8325pt>
File: images/implementacija/offline-mode/offline-route-view.png Graphic file (type png)
<use images/implementacija/offline-mode/offline-route-view.png>
Package pdftex.def Info: images/implementacija/offline-mode/offline-route-view.png  used on input line 37.
(pdftex.def)             Requested size: 132.01927pt x 287.01265pt.
 [56 <./images/implementacija/offline-mode/crag-tab.png> <./images/implementacija/offline-mode/routes-tab.png>]))
Overfull \hbox (5.3399pt too wide) in paragraph at lines 45--35
[]\T1/ptm/m/n/12 Detaljni pre-gled pe-nja-li-²ta (slika 4.35a[]) i smje-rova (slika 4.35b[]) za-dr-ºava sve klju£ne
 []

[57 <./images/implementacija/offline-mode/offline-crag-view.png> <./images/implementacija/offline-mode/offline-route-view.png>]
\openout2 = `sections/Arhitektura/arhitektura.aux'.

 (./sections/Arhitektura/arhitektura.tex
Poglavlje 5.
<images/arhitektura/general_arch.png, id=317, 790.955pt x 676.5275pt>
File: images/arhitektura/general_arch.png Graphic file (type png)
<use images/arhitektura/general_arch.png>
Package pdftex.def Info: images/arhitektura/general_arch.png  used on input line 8.
(pdftex.def)             Requested size: 371.30595pt x 317.58601pt.
[58




] [59 <./images/arhitektura/general_arch.png>] [60] [61] [62]) [63] [64]
\openout2 = `sections/Testiranje/testiranje.aux'.

 (./sections/Testiranje/testiranje.tex
Poglavlje 6.
<images/testiranje/apaches_ref_slika.png, id=341, 752.8125pt x 1337.99875pt>
File: images/testiranje/apaches_ref_slika.png Graphic file (type png)
<use images/testiranje/apaches_ref_slika.png>
Package pdftex.def Info: images/testiranje/apaches_ref_slika.png  used on input line 13.
(pdftex.def)             Requested size: 185.65297pt x 329.96648pt.
<images/testiranje/steyr_ref.png, id=342, 752.8125pt x 1337.99875pt>
File: images/testiranje/steyr_ref.png Graphic file (type png)
<use images/testiranje/steyr_ref.png>
Package pdftex.def Info: images/testiranje/steyr_ref.png  used on input line 20.
(pdftex.def)             Requested size: 185.65297pt x 329.96648pt.
[65




]
<images/testiranje/apaches_test_left_side.png, id=346, 889.3225pt x 1927.2pt>
File: images/testiranje/apaches_test_left_side.png Graphic file (type png)
<use images/testiranje/apaches_test_left_side.png>
Package pdftex.def Info: images/testiranje/apaches_test_left_side.png  used on input line 41.
(pdftex.def)             Requested size: 185.65297pt x 402.3126pt.
<images/testiranje/apaches_test_right_side.jpeg, id=347, 1183.42125pt x 2565.585pt>
File: images/testiranje/apaches_test_right_side.jpeg Graphic file (type jpg)
<use images/testiranje/apaches_test_right_side.jpeg>
Package pdftex.def Info: images/testiranje/apaches_test_right_side.jpeg  used on input line 48.
(pdftex.def)             Requested size: 185.65297pt x 402.47673pt.
 [66 <./images/testiranje/apaches_ref_slika.png> <./images/testiranje/steyr_ref.png>]
<images/testiranje/steyr_test_left_side.png, id=351, 889.3225pt x 1927.2pt>
File: images/testiranje/steyr_test_left_side.png Graphic file (type png)
<use images/testiranje/steyr_test_left_side.png>
Package pdftex.def Info: images/testiranje/steyr_test_left_side.png  used on input line 62.
(pdftex.def)             Requested size: 185.65297pt x 402.3126pt.
<images/testiranje/steyr_test_right_side.png, id=352, 889.3225pt x 1927.2pt>
File: images/testiranje/steyr_test_right_side.png Graphic file (type png)
<use images/testiranje/steyr_test_right_side.png>
Package pdftex.def Info: images/testiranje/steyr_test_right_side.png  used on input line 69.
(pdftex.def)             Requested size: 185.65297pt x 402.3126pt.
 [67 <./images/testiranje/apaches_test_left_side.png> <./images/testiranje/apaches_test_right_side.jpeg>]
<images/testiranje/apaches_latency_before.png, id=356, 889.3225pt x 1927.2pt>
File: images/testiranje/apaches_latency_before.png Graphic file (type png)
<use images/testiranje/apaches_latency_before.png>
Package pdftex.def Info: images/testiranje/apaches_latency_before.png  used on input line 85.
(pdftex.def)             Requested size: 185.65297pt x 402.3126pt.
<images/testiranje/apaches_latency_after.png, id=357, 889.3225pt x 1927.2pt>
File: images/testiranje/apaches_latency_after.png Graphic file (type png)
<use images/testiranje/apaches_latency_after.png>
Package pdftex.def Info: images/testiranje/apaches_latency_after.png  used on input line 92.
(pdftex.def)             Requested size: 185.65297pt x 402.3126pt.
 [68 <./images/testiranje/steyr_test_left_side.png> <./images/testiranje/steyr_test_right_side.png>] [69 <./images/testiranje/apaches_latency_before.png> <./images/testiranje/apaches_latency_after.png>]
<images/testiranje/steyr_bad_detection_before_moving.png, id=365, 889.3225pt x 1927.2pt>
File: images/testiranje/steyr_bad_detection_before_moving.png Graphic file (type png)
<use images/testiranje/steyr_bad_detection_before_moving.png>
Package pdftex.def Info: images/testiranje/steyr_bad_detection_before_moving.png  used on input line 107.
(pdftex.def)             Requested size: 185.65297pt x 402.3126pt.
<images/testiranje/steyr_bad_detection_after_moving.png, id=366, 889.3225pt x 1927.2pt>
File: images/testiranje/steyr_bad_detection_after_moving.png Graphic file (type png)
<use images/testiranje/steyr_bad_detection_after_moving.png>
Package pdftex.def Info: images/testiranje/steyr_bad_detection_after_moving.png  used on input line 114.
(pdftex.def)             Requested size: 185.65297pt x 402.3126pt.
 [70 <./images/testiranje/steyr_bad_detection_before_moving.png> <./images/testiranje/steyr_bad_detection_after_moving.png>]
<images/testiranje/steyr_bad_detection_before_homography_fix.png, id=370, 889.3225pt x 1927.2pt>
File: images/testiranje/steyr_bad_detection_before_homography_fix.png Graphic file (type png)
<use images/testiranje/steyr_bad_detection_before_homography_fix.png>
Package pdftex.def Info: images/testiranje/steyr_bad_detection_before_homography_fix.png  used on input line 132.
(pdftex.def)             Requested size: 185.65297pt x 402.3126pt.
<images/testiranje/steyr_bad_detection_after_homography_fix.png, id=371, 889.3225pt x 1927.2pt>
File: images/testiranje/steyr_bad_detection_after_homography_fix.png Graphic file (type png)
<use images/testiranje/steyr_bad_detection_after_homography_fix.png>
Package pdftex.def Info: images/testiranje/steyr_bad_detection_after_homography_fix.png  used on input line 139.
(pdftex.def)             Requested size: 185.65297pt x 402.3126pt.
 [71 <./images/testiranje/steyr_bad_detection_before_homography_fix.png> <./images/testiranje/steyr_bad_detection_after_homography_fix.png>]) [72]
\openout2 = `sections/Zakljucak/zakljucak.aux'.

 (./sections/Zakljucak/zakljucak.tex
Poglavlje 7.
[73




]) [74] (./zavrsni.bbl
Underfull \hbox (badness 10000) in paragraph at lines 20--26
[]\T1/ptm/m/n/12 The Oxford Blue.  Why does everyone sud-de-nly want
 []


Underfull \hbox (badness 10000) in paragraph at lines 20--26
\T1/ptm/m/n/12 to rock climb?  $\T1/pcr/m/n/12 https : / / theoxfordblue . co . uk /
 []


Underfull \hbox (badness 10000) in paragraph at lines 20--26
\T1/pcr/m/n/12 why-[]does-[]everyone-[]suddenly-[]want-[]to-[]rock-[]climb/$\T1/ptm/m/n/12 , si-je-£anj
 []

) [75



] (./zavrsni.aux (./sections/Uvod/uvod.aux) (./sections/Analiza/analiza.aux) (./sections/RacunalniVid/racunalni_vid.aux) (./sections/Implementacija/implementacija.aux) (./sections/Arhitektura/arhitektura.aux) (./sections/Testiranje/testiranje.aux) (./sections/Zakljucak/zakljucak.aux)) ) 
Here is how much of TeX's memory you used:
 9535 strings out of 478268
 184143 string characters out of 5846346
 454169 words of memory out of 5000000
 27409 multiletter control sequences out of 15000+600000
 533812 words of font info for 99 fonts, out of 8000000 for 9000
 1141 hyphenation exceptions out of 8191
 70i,8n,77p,1229b,560s stack positions out of 10000i,1000n,20000p,200000b,200000s
{/usr/local/texlive/2022/texmf-dist/fonts/enc/dvips/base/8r.enc}</usr/local/texlive/2022/texmf-dist/fonts/type1/public/amsfonts/cm/cmex10.pfb></usr/local/texlive/2022/texmf-dist/fonts/type1/public/amsfonts/cm/cmmi12.pfb></usr/local/texlive/2022/texmf-dist/fonts/type1/public/amsfonts/cm/cmmi8.pfb></usr/local/texlive/2022/texmf-dist/fonts/type1/public/amsfonts/cm/cmr12.pfb></usr/local/texlive/2022/texmf-dist/fonts/type1/public/amsfonts/cm/cmr8.pfb></usr/local/texlive/2022/texmf-dist/fonts/type1/public/amsfonts/cm/cmsy10.pfb></usr/local/texlive/2022/texmf-dist/fonts/type1/public/amsfonts/cm/cmsy8.pfb></usr/local/texlive/2022/texmf-dist/fonts/type1/urw/courier/ucrr8a.pfb></usr/local/texlive/2022/texmf-dist/fonts/type1/urw/helvetic/uhvb8a.pfb></usr/local/texlive/2022/texmf-dist/fonts/type1/urw/helvetic/uhvr8a.pfb></usr/local/texlive/2022/texmf-dist/fonts/type1/urw/times/utmb8a.pfb></usr/local/texlive/2022/texmf-dist/fonts/type1/urw/times/utmr8a.pfb></usr/local/texlive/2022/texmf-dist/fonts/type1/urw/times/utmri8a.pfb>
Output written on zavrsni.pdf (79 pages, 122483243 bytes).
PDF statistics:
 448 PDF objects out of 1000 (max. 8388607)
 218 compressed objects within 3 object streams
 0 named destinations out of 1000 (max. 500000)
 441 words of extra memory for PDF output out of 10000 (max. 10000000)

